<?xml version="1.0" encoding="UTF-8"?>
<testsuite xmlns:xsi="http://www.w3.org/2001/XMLSchema-instance" xsi:noNamespaceSchemaLocation="https://maven.apache.org/surefire/maven-surefire-plugin/xsd/surefire-test-report.xsd" version="3.0.2" name="com.thegymgoers_java.app.controller.AuthControllerTests$LoginTests" time="2.222" tests="4" errors="0" skipped="0" failures="0">
  <properties>
    <property name="java.specification.version" value="17"/>
    <property name="sun.cpu.isalist" value="amd64"/>
    <property name="sun.jnu.encoding" value="Cp1252"/>
    <property name="java.class.path" value="C:\Users\44747\SE_Training\GymGoers-Spring\Backend\target\test-classes;C:\Users\44747\SE_Training\GymGoers-Spring\Backend\target\classes;C:\Users\44747\.m2\repository\org\springframework\boot\spring-boot-starter-data-rest\3.4.0\spring-boot-starter-data-rest-3.4.0.jar;C:\Users\44747\.m2\repository\org\springframework\data\spring-data-rest-webmvc\4.4.0\spring-data-rest-webmvc-4.4.0.jar;C:\Users\44747\.m2\repository\org\springframework\data\spring-data-rest-core\4.4.0\spring-data-rest-core-4.4.0.jar;C:\Users\44747\.m2\repository\org\springframework\hateoas\spring-hateoas\2.4.0\spring-hateoas-2.4.0.jar;C:\Users\44747\.m2\repository\org\springframework\plugin\spring-plugin-core\3.0.0\spring-plugin-core-3.0.0.jar;C:\Users\44747\.m2\repository\org\atteo\evo-inflector\1.3\evo-inflector-1.3.jar;C:\Users\44747\.m2\repository\org\slf4j\slf4j-api\2.0.16\slf4j-api-2.0.16.jar;C:\Users\44747\.m2\repository\org\springframework\boot\spring-boot-starter-data-mongodb\3.4.0\spring-boot-starter-data-mongodb-3.4.0.jar;C:\Users\44747\.m2\repository\org\springframework\boot\spring-boot-starter\3.4.0\spring-boot-starter-3.4.0.jar;C:\Users\44747\.m2\repository\org\springframework\boot\spring-boot\3.4.0\spring-boot-3.4.0.jar;C:\Users\44747\.m2\repository\org\springframework\boot\spring-boot-autoconfigure\3.4.0\spring-boot-autoconfigure-3.4.0.jar;C:\Users\44747\.m2\repository\org\springframework\boot\spring-boot-starter-logging\3.4.0\spring-boot-starter-logging-3.4.0.jar;C:\Users\44747\.m2\repository\ch\qos\logback\logback-classic\1.5.12\logback-classic-1.5.12.jar;C:\Users\44747\.m2\repository\ch\qos\logback\logback-core\1.5.12\logback-core-1.5.12.jar;C:\Users\44747\.m2\repository\org\apache\logging\log4j\log4j-to-slf4j\2.24.1\log4j-to-slf4j-2.24.1.jar;C:\Users\44747\.m2\repository\org\apache\logging\log4j\log4j-api\2.24.1\log4j-api-2.24.1.jar;C:\Users\44747\.m2\repository\org\slf4j\jul-to-slf4j\2.0.16\jul-to-slf4j-2.0.16.jar;C:\Users\44747\.m2\repository\jakarta\annotation\jakarta.annotation-api\2.1.1\jakarta.annotation-api-2.1.1.jar;C:\Users\44747\.m2\repository\org\yaml\snakeyaml\2.3\snakeyaml-2.3.jar;C:\Users\44747\.m2\repository\org\springframework\data\spring-data-mongodb\4.4.0\spring-data-mongodb-4.4.0.jar;C:\Users\44747\.m2\repository\org\springframework\spring-tx\6.2.0\spring-tx-6.2.0.jar;C:\Users\44747\.m2\repository\org\springframework\spring-context\6.2.0\spring-context-6.2.0.jar;C:\Users\44747\.m2\repository\org\springframework\spring-beans\6.2.0\spring-beans-6.2.0.jar;C:\Users\44747\.m2\repository\org\springframework\spring-expression\6.2.0\spring-expression-6.2.0.jar;C:\Users\44747\.m2\repository\org\springframework\data\spring-data-commons\3.4.0\spring-data-commons-3.4.0.jar;C:\Users\44747\.m2\repository\org\mongodb\mongodb-driver-sync\5.3.0\mongodb-driver-sync-5.3.0.jar;C:\Users\44747\.m2\repository\org\mongodb\bson\5.2.1\bson-5.2.1.jar;C:\Users\44747\.m2\repository\org\mongodb\mongodb-driver-core\5.3.0\mongodb-driver-core-5.3.0.jar;C:\Users\44747\.m2\repository\org\mongodb\bson-record-codec\5.2.1\bson-record-codec-5.2.1.jar;C:\Users\44747\.m2\repository\org\mockito\mockito-core\4.0.0\mockito-core-4.0.0.jar;C:\Users\44747\.m2\repository\net\bytebuddy\byte-buddy\1.15.10\byte-buddy-1.15.10.jar;C:\Users\44747\.m2\repository\net\bytebuddy\byte-buddy-agent\1.15.10\byte-buddy-agent-1.15.10.jar;C:\Users\44747\.m2\repository\org\objenesis\objenesis\3.2\objenesis-3.2.jar;C:\Users\44747\.m2\repository\org\mockito\mockito-junit-jupiter\4.0.0\mockito-junit-jupiter-4.0.0.jar;C:\Users\44747\.m2\repository\org\junit\jupiter\junit-jupiter-api\5.11.3\junit-jupiter-api-5.11.3.jar;C:\Users\44747\.m2\repository\org\opentest4j\opentest4j\1.3.0\opentest4j-1.3.0.jar;C:\Users\44747\.m2\repository\org\junit\platform\junit-platform-commons\1.11.3\junit-platform-commons-1.11.3.jar;C:\Users\44747\.m2\repository\org\apiguardian\apiguardian-api\1.1.2\apiguardian-api-1.1.2.jar;C:\Users\44747\.m2\repository\org\springframework\boot\spring-boot-starter-security\3.4.0\spring-boot-starter-security-3.4.0.jar;C:\Users\44747\.m2\repository\org\springframework\spring-aop\6.2.0\spring-aop-6.2.0.jar;C:\Users\44747\.m2\repository\org\springframework\security\spring-security-config\6.4.1\spring-security-config-6.4.1.jar;C:\Users\44747\.m2\repository\org\springframework\security\spring-security-web\6.4.1\spring-security-web-6.4.1.jar;C:\Users\44747\.m2\repository\org\springframework\boot\spring-boot-starter-web\3.4.0\spring-boot-starter-web-3.4.0.jar;C:\Users\44747\.m2\repository\org\springframework\boot\spring-boot-starter-json\3.4.0\spring-boot-starter-json-3.4.0.jar;C:\Users\44747\.m2\repository\com\fasterxml\jackson\datatype\jackson-datatype-jdk8\2.18.1\jackson-datatype-jdk8-2.18.1.jar;C:\Users\44747\.m2\repository\com\fasterxml\jackson\datatype\jackson-datatype-jsr310\2.18.1\jackson-datatype-jsr310-2.18.1.jar;C:\Users\44747\.m2\repository\com\fasterxml\jackson\module\jackson-module-parameter-names\2.18.1\jackson-module-parameter-names-2.18.1.jar;C:\Users\44747\.m2\repository\org\springframework\boot\spring-boot-starter-tomcat\3.4.0\spring-boot-starter-tomcat-3.4.0.jar;C:\Users\44747\.m2\repository\org\apache\tomcat\embed\tomcat-embed-core\10.1.33\tomcat-embed-core-10.1.33.jar;C:\Users\44747\.m2\repository\org\apache\tomcat\embed\tomcat-embed-websocket\10.1.33\tomcat-embed-websocket-10.1.33.jar;C:\Users\44747\.m2\repository\org\springframework\spring-web\6.2.0\spring-web-6.2.0.jar;C:\Users\44747\.m2\repository\io\micrometer\micrometer-observation\1.14.1\micrometer-observation-1.14.1.jar;C:\Users\44747\.m2\repository\io\micrometer\micrometer-commons\1.14.1\micrometer-commons-1.14.1.jar;C:\Users\44747\.m2\repository\org\springframework\spring-webmvc\6.2.0\spring-webmvc-6.2.0.jar;C:\Users\44747\.m2\repository\org\springframework\boot\spring-boot-starter-validation\3.4.0\spring-boot-starter-validation-3.4.0.jar;C:\Users\44747\.m2\repository\org\apache\tomcat\embed\tomcat-embed-el\10.1.33\tomcat-embed-el-10.1.33.jar;C:\Users\44747\.m2\repository\org\hibernate\validator\hibernate-validator\8.0.1.Final\hibernate-validator-8.0.1.Final.jar;C:\Users\44747\.m2\repository\jakarta\validation\jakarta.validation-api\3.0.2\jakarta.validation-api-3.0.2.jar;C:\Users\44747\.m2\repository\org\jboss\logging\jboss-logging\3.6.1.Final\jboss-logging-3.6.1.Final.jar;C:\Users\44747\.m2\repository\com\fasterxml\classmate\1.7.0\classmate-1.7.0.jar;C:\Users\44747\.m2\repository\org\springframework\boot\spring-boot-configuration-processor\3.4.0\spring-boot-configuration-processor-3.4.0.jar;C:\Users\44747\.m2\repository\com\fasterxml\jackson\core\jackson-databind\2.18.1\jackson-databind-2.18.1.jar;C:\Users\44747\.m2\repository\com\fasterxml\jackson\core\jackson-annotations\2.18.1\jackson-annotations-2.18.1.jar;C:\Users\44747\.m2\repository\com\fasterxml\jackson\core\jackson-core\2.18.1\jackson-core-2.18.1.jar;C:\Users\44747\.m2\repository\org\springframework\boot\spring-boot-starter-test\3.4.0\spring-boot-starter-test-3.4.0.jar;C:\Users\44747\.m2\repository\org\springframework\boot\spring-boot-test\3.4.0\spring-boot-test-3.4.0.jar;C:\Users\44747\.m2\repository\org\springframework\boot\spring-boot-test-autoconfigure\3.4.0\spring-boot-test-autoconfigure-3.4.0.jar;C:\Users\44747\.m2\repository\com\jayway\jsonpath\json-path\2.9.0\json-path-2.9.0.jar;C:\Users\44747\.m2\repository\jakarta\xml\bind\jakarta.xml.bind-api\4.0.2\jakarta.xml.bind-api-4.0.2.jar;C:\Users\44747\.m2\repository\jakarta\activation\jakarta.activation-api\2.1.3\jakarta.activation-api-2.1.3.jar;C:\Users\44747\.m2\repository\net\minidev\json-smart\2.5.1\json-smart-2.5.1.jar;C:\Users\44747\.m2\repository\net\minidev\accessors-smart\2.5.1\accessors-smart-2.5.1.jar;C:\Users\44747\.m2\repository\org\ow2\asm\asm\9.6\asm-9.6.jar;C:\Users\44747\.m2\repository\org\assertj\assertj-core\3.26.3\assertj-core-3.26.3.jar;C:\Users\44747\.m2\repository\org\awaitility\awaitility\4.2.2\awaitility-4.2.2.jar;C:\Users\44747\.m2\repository\org\hamcrest\hamcrest\2.2\hamcrest-2.2.jar;C:\Users\44747\.m2\repository\org\junit\jupiter\junit-jupiter\5.11.3\junit-jupiter-5.11.3.jar;C:\Users\44747\.m2\repository\org\junit\jupiter\junit-jupiter-params\5.11.3\junit-jupiter-params-5.11.3.jar;C:\Users\44747\.m2\repository\org\junit\jupiter\junit-jupiter-engine\5.11.3\junit-jupiter-engine-5.11.3.jar;C:\Users\44747\.m2\repository\org\junit\platform\junit-platform-engine\1.11.3\junit-platform-engine-1.11.3.jar;C:\Users\44747\.m2\repository\org\skyscreamer\jsonassert\1.5.3\jsonassert-1.5.3.jar;C:\Users\44747\.m2\repository\com\vaadin\external\google\android-json\0.0.20131108.vaadin1\android-json-0.0.20131108.vaadin1.jar;C:\Users\44747\.m2\repository\org\springframework\spring-core\6.2.0\spring-core-6.2.0.jar;C:\Users\44747\.m2\repository\org\springframework\spring-jcl\6.2.0\spring-jcl-6.2.0.jar;C:\Users\44747\.m2\repository\org\springframework\spring-test\6.2.0\spring-test-6.2.0.jar;C:\Users\44747\.m2\repository\org\xmlunit\xmlunit-core\2.10.0\xmlunit-core-2.10.0.jar;C:\Users\44747\.m2\repository\io\jsonwebtoken\jjwt-api\0.11.5\jjwt-api-0.11.5.jar;C:\Users\44747\.m2\repository\org\springframework\security\spring-security-test\6.4.1\spring-security-test-6.4.1.jar;C:\Users\44747\.m2\repository\org\springframework\security\spring-security-core\6.4.1\spring-security-core-6.4.1.jar;C:\Users\44747\.m2\repository\org\springframework\security\spring-security-crypto\6.4.1\spring-security-crypto-6.4.1.jar;C:\Users\44747\.m2\repository\io\jsonwebtoken\jjwt-impl\0.11.5\jjwt-impl-0.11.5.jar;C:\Users\44747\.m2\repository\io\jsonwebtoken\jjwt-jackson\0.11.5\jjwt-jackson-0.11.5.jar;"/>
    <property name="java.vm.vendor" value="Oracle Corporation"/>
    <property name="sun.arch.data.model" value="64"/>
    <property name="user.variant" value=""/>
    <property name="java.vendor.url" value="https://java.oracle.com/"/>
    <property name="user.timezone" value="Europe/London"/>
    <property name="org.jboss.logging.provider" value="slf4j"/>
    <property name="os.name" value="Windows 10"/>
    <property name="java.vm.specification.version" value="17"/>
    <property name="APPLICATION_NAME" value="app"/>
    <property name="sun.java.launcher" value="SUN_STANDARD"/>
    <property name="user.country" value="GB"/>
    <property name="sun.boot.library.path" value="C:\Program Files\Java\jdk-17\bin"/>
    <property name="sun.java.command" value="C:\Users\44747\AppData\Local\Temp\surefire18211329808548920012\surefirebooter-20250130121611242_3.jar C:\Users\44747\AppData\Local\Temp\surefire18211329808548920012 2025-01-30T12-16-10_988-jvmRun1 surefire-20250130121611242_1tmp surefire_0-20250130121611242_2tmp"/>
    <property name="jdk.debug" value="release"/>
    <property name="surefire.test.class.path" value="C:\Users\44747\SE_Training\GymGoers-Spring\Backend\target\test-classes;C:\Users\44747\SE_Training\GymGoers-Spring\Backend\target\classes;C:\Users\44747\.m2\repository\org\springframework\boot\spring-boot-starter-data-rest\3.4.0\spring-boot-starter-data-rest-3.4.0.jar;C:\Users\44747\.m2\repository\org\springframework\data\spring-data-rest-webmvc\4.4.0\spring-data-rest-webmvc-4.4.0.jar;C:\Users\44747\.m2\repository\org\springframework\data\spring-data-rest-core\4.4.0\spring-data-rest-core-4.4.0.jar;C:\Users\44747\.m2\repository\org\springframework\hateoas\spring-hateoas\2.4.0\spring-hateoas-2.4.0.jar;C:\Users\44747\.m2\repository\org\springframework\plugin\spring-plugin-core\3.0.0\spring-plugin-core-3.0.0.jar;C:\Users\44747\.m2\repository\org\atteo\evo-inflector\1.3\evo-inflector-1.3.jar;C:\Users\44747\.m2\repository\org\slf4j\slf4j-api\2.0.16\slf4j-api-2.0.16.jar;C:\Users\44747\.m2\repository\org\springframework\boot\spring-boot-starter-data-mongodb\3.4.0\spring-boot-starter-data-mongodb-3.4.0.jar;C:\Users\44747\.m2\repository\org\springframework\boot\spring-boot-starter\3.4.0\spring-boot-starter-3.4.0.jar;C:\Users\44747\.m2\repository\org\springframework\boot\spring-boot\3.4.0\spring-boot-3.4.0.jar;C:\Users\44747\.m2\repository\org\springframework\boot\spring-boot-autoconfigure\3.4.0\spring-boot-autoconfigure-3.4.0.jar;C:\Users\44747\.m2\repository\org\springframework\boot\spring-boot-starter-logging\3.4.0\spring-boot-starter-logging-3.4.0.jar;C:\Users\44747\.m2\repository\ch\qos\logback\logback-classic\1.5.12\logback-classic-1.5.12.jar;C:\Users\44747\.m2\repository\ch\qos\logback\logback-core\1.5.12\logback-core-1.5.12.jar;C:\Users\44747\.m2\repository\org\apache\logging\log4j\log4j-to-slf4j\2.24.1\log4j-to-slf4j-2.24.1.jar;C:\Users\44747\.m2\repository\org\apache\logging\log4j\log4j-api\2.24.1\log4j-api-2.24.1.jar;C:\Users\44747\.m2\repository\org\slf4j\jul-to-slf4j\2.0.16\jul-to-slf4j-2.0.16.jar;C:\Users\44747\.m2\repository\jakarta\annotation\jakarta.annotation-api\2.1.1\jakarta.annotation-api-2.1.1.jar;C:\Users\44747\.m2\repository\org\yaml\snakeyaml\2.3\snakeyaml-2.3.jar;C:\Users\44747\.m2\repository\org\springframework\data\spring-data-mongodb\4.4.0\spring-data-mongodb-4.4.0.jar;C:\Users\44747\.m2\repository\org\springframework\spring-tx\6.2.0\spring-tx-6.2.0.jar;C:\Users\44747\.m2\repository\org\springframework\spring-context\6.2.0\spring-context-6.2.0.jar;C:\Users\44747\.m2\repository\org\springframework\spring-beans\6.2.0\spring-beans-6.2.0.jar;C:\Users\44747\.m2\repository\org\springframework\spring-expression\6.2.0\spring-expression-6.2.0.jar;C:\Users\44747\.m2\repository\org\springframework\data\spring-data-commons\3.4.0\spring-data-commons-3.4.0.jar;C:\Users\44747\.m2\repository\org\mongodb\mongodb-driver-sync\5.3.0\mongodb-driver-sync-5.3.0.jar;C:\Users\44747\.m2\repository\org\mongodb\bson\5.2.1\bson-5.2.1.jar;C:\Users\44747\.m2\repository\org\mongodb\mongodb-driver-core\5.3.0\mongodb-driver-core-5.3.0.jar;C:\Users\44747\.m2\repository\org\mongodb\bson-record-codec\5.2.1\bson-record-codec-5.2.1.jar;C:\Users\44747\.m2\repository\org\mockito\mockito-core\4.0.0\mockito-core-4.0.0.jar;C:\Users\44747\.m2\repository\net\bytebuddy\byte-buddy\1.15.10\byte-buddy-1.15.10.jar;C:\Users\44747\.m2\repository\net\bytebuddy\byte-buddy-agent\1.15.10\byte-buddy-agent-1.15.10.jar;C:\Users\44747\.m2\repository\org\objenesis\objenesis\3.2\objenesis-3.2.jar;C:\Users\44747\.m2\repository\org\mockito\mockito-junit-jupiter\4.0.0\mockito-junit-jupiter-4.0.0.jar;C:\Users\44747\.m2\repository\org\junit\jupiter\junit-jupiter-api\5.11.3\junit-jupiter-api-5.11.3.jar;C:\Users\44747\.m2\repository\org\opentest4j\opentest4j\1.3.0\opentest4j-1.3.0.jar;C:\Users\44747\.m2\repository\org\junit\platform\junit-platform-commons\1.11.3\junit-platform-commons-1.11.3.jar;C:\Users\44747\.m2\repository\org\apiguardian\apiguardian-api\1.1.2\apiguardian-api-1.1.2.jar;C:\Users\44747\.m2\repository\org\springframework\boot\spring-boot-starter-security\3.4.0\spring-boot-starter-security-3.4.0.jar;C:\Users\44747\.m2\repository\org\springframework\spring-aop\6.2.0\spring-aop-6.2.0.jar;C:\Users\44747\.m2\repository\org\springframework\security\spring-security-config\6.4.1\spring-security-config-6.4.1.jar;C:\Users\44747\.m2\repository\org\springframework\security\spring-security-web\6.4.1\spring-security-web-6.4.1.jar;C:\Users\44747\.m2\repository\org\springframework\boot\spring-boot-starter-web\3.4.0\spring-boot-starter-web-3.4.0.jar;C:\Users\44747\.m2\repository\org\springframework\boot\spring-boot-starter-json\3.4.0\spring-boot-starter-json-3.4.0.jar;C:\Users\44747\.m2\repository\com\fasterxml\jackson\datatype\jackson-datatype-jdk8\2.18.1\jackson-datatype-jdk8-2.18.1.jar;C:\Users\44747\.m2\repository\com\fasterxml\jackson\datatype\jackson-datatype-jsr310\2.18.1\jackson-datatype-jsr310-2.18.1.jar;C:\Users\44747\.m2\repository\com\fasterxml\jackson\module\jackson-module-parameter-names\2.18.1\jackson-module-parameter-names-2.18.1.jar;C:\Users\44747\.m2\repository\org\springframework\boot\spring-boot-starter-tomcat\3.4.0\spring-boot-starter-tomcat-3.4.0.jar;C:\Users\44747\.m2\repository\org\apache\tomcat\embed\tomcat-embed-core\10.1.33\tomcat-embed-core-10.1.33.jar;C:\Users\44747\.m2\repository\org\apache\tomcat\embed\tomcat-embed-websocket\10.1.33\tomcat-embed-websocket-10.1.33.jar;C:\Users\44747\.m2\repository\org\springframework\spring-web\6.2.0\spring-web-6.2.0.jar;C:\Users\44747\.m2\repository\io\micrometer\micrometer-observation\1.14.1\micrometer-observation-1.14.1.jar;C:\Users\44747\.m2\repository\io\micrometer\micrometer-commons\1.14.1\micrometer-commons-1.14.1.jar;C:\Users\44747\.m2\repository\org\springframework\spring-webmvc\6.2.0\spring-webmvc-6.2.0.jar;C:\Users\44747\.m2\repository\org\springframework\boot\spring-boot-starter-validation\3.4.0\spring-boot-starter-validation-3.4.0.jar;C:\Users\44747\.m2\repository\org\apache\tomcat\embed\tomcat-embed-el\10.1.33\tomcat-embed-el-10.1.33.jar;C:\Users\44747\.m2\repository\org\hibernate\validator\hibernate-validator\8.0.1.Final\hibernate-validator-8.0.1.Final.jar;C:\Users\44747\.m2\repository\jakarta\validation\jakarta.validation-api\3.0.2\jakarta.validation-api-3.0.2.jar;C:\Users\44747\.m2\repository\org\jboss\logging\jboss-logging\3.6.1.Final\jboss-logging-3.6.1.Final.jar;C:\Users\44747\.m2\repository\com\fasterxml\classmate\1.7.0\classmate-1.7.0.jar;C:\Users\44747\.m2\repository\org\springframework\boot\spring-boot-configuration-processor\3.4.0\spring-boot-configuration-processor-3.4.0.jar;C:\Users\44747\.m2\repository\com\fasterxml\jackson\core\jackson-databind\2.18.1\jackson-databind-2.18.1.jar;C:\Users\44747\.m2\repository\com\fasterxml\jackson\core\jackson-annotations\2.18.1\jackson-annotations-2.18.1.jar;C:\Users\44747\.m2\repository\com\fasterxml\jackson\core\jackson-core\2.18.1\jackson-core-2.18.1.jar;C:\Users\44747\.m2\repository\org\springframework\boot\spring-boot-starter-test\3.4.0\spring-boot-starter-test-3.4.0.jar;C:\Users\44747\.m2\repository\org\springframework\boot\spring-boot-test\3.4.0\spring-boot-test-3.4.0.jar;C:\Users\44747\.m2\repository\org\springframework\boot\spring-boot-test-autoconfigure\3.4.0\spring-boot-test-autoconfigure-3.4.0.jar;C:\Users\44747\.m2\repository\com\jayway\jsonpath\json-path\2.9.0\json-path-2.9.0.jar;C:\Users\44747\.m2\repository\jakarta\xml\bind\jakarta.xml.bind-api\4.0.2\jakarta.xml.bind-api-4.0.2.jar;C:\Users\44747\.m2\repository\jakarta\activation\jakarta.activation-api\2.1.3\jakarta.activation-api-2.1.3.jar;C:\Users\44747\.m2\repository\net\minidev\json-smart\2.5.1\json-smart-2.5.1.jar;C:\Users\44747\.m2\repository\net\minidev\accessors-smart\2.5.1\accessors-smart-2.5.1.jar;C:\Users\44747\.m2\repository\org\ow2\asm\asm\9.6\asm-9.6.jar;C:\Users\44747\.m2\repository\org\assertj\assertj-core\3.26.3\assertj-core-3.26.3.jar;C:\Users\44747\.m2\repository\org\awaitility\awaitility\4.2.2\awaitility-4.2.2.jar;C:\Users\44747\.m2\repository\org\hamcrest\hamcrest\2.2\hamcrest-2.2.jar;C:\Users\44747\.m2\repository\org\junit\jupiter\junit-jupiter\5.11.3\junit-jupiter-5.11.3.jar;C:\Users\44747\.m2\repository\org\junit\jupiter\junit-jupiter-params\5.11.3\junit-jupiter-params-5.11.3.jar;C:\Users\44747\.m2\repository\org\junit\jupiter\junit-jupiter-engine\5.11.3\junit-jupiter-engine-5.11.3.jar;C:\Users\44747\.m2\repository\org\junit\platform\junit-platform-engine\1.11.3\junit-platform-engine-1.11.3.jar;C:\Users\44747\.m2\repository\org\skyscreamer\jsonassert\1.5.3\jsonassert-1.5.3.jar;C:\Users\44747\.m2\repository\com\vaadin\external\google\android-json\0.0.20131108.vaadin1\android-json-0.0.20131108.vaadin1.jar;C:\Users\44747\.m2\repository\org\springframework\spring-core\6.2.0\spring-core-6.2.0.jar;C:\Users\44747\.m2\repository\org\springframework\spring-jcl\6.2.0\spring-jcl-6.2.0.jar;C:\Users\44747\.m2\repository\org\springframework\spring-test\6.2.0\spring-test-6.2.0.jar;C:\Users\44747\.m2\repository\org\xmlunit\xmlunit-core\2.10.0\xmlunit-core-2.10.0.jar;C:\Users\44747\.m2\repository\io\jsonwebtoken\jjwt-api\0.11.5\jjwt-api-0.11.5.jar;C:\Users\44747\.m2\repository\org\springframework\security\spring-security-test\6.4.1\spring-security-test-6.4.1.jar;C:\Users\44747\.m2\repository\org\springframework\security\spring-security-core\6.4.1\spring-security-core-6.4.1.jar;C:\Users\44747\.m2\repository\org\springframework\security\spring-security-crypto\6.4.1\spring-security-crypto-6.4.1.jar;C:\Users\44747\.m2\repository\io\jsonwebtoken\jjwt-impl\0.11.5\jjwt-impl-0.11.5.jar;C:\Users\44747\.m2\repository\io\jsonwebtoken\jjwt-jackson\0.11.5\jjwt-jackson-0.11.5.jar;"/>
    <property name="sun.cpu.endian" value="little"/>
    <property name="user.home" value="C:\Users\44747"/>
    <property name="user.language" value="en"/>
    <property name="java.specification.vendor" value="Oracle Corporation"/>
    <property name="java.version.date" value="2024-10-15"/>
    <property name="java.home" value="C:\Program Files\Java\jdk-17"/>
    <property name="file.separator" value="\"/>
    <property name="basedir" value="C:\Users\44747\SE_Training\GymGoers-Spring\Backend"/>
    <property name="java.vm.compressedOopsMode" value="32-bit"/>
    <property name="line.separator" value="&#10;"/>
    <property name="java.vm.specification.vendor" value="Oracle Corporation"/>
    <property name="java.specification.name" value="Java Platform API Specification"/>
    <property name="FILE_LOG_CHARSET" value="windows-1252"/>
    <property name="java.awt.headless" value="true"/>
    <property name="surefire.real.class.path" value="C:\Users\44747\AppData\Local\Temp\surefire18211329808548920012\surefirebooter-20250130121611242_3.jar"/>
    <property name="user.script" value=""/>
    <property name="sun.management.compiler" value="HotSpot 64-Bit Tiered Compilers"/>
    <property name="java.runtime.version" value="17.0.13+10-LTS-268"/>
    <property name="user.name" value="44747"/>
    <property name="path.separator" value=";"/>
    <property name="os.version" value="10.0"/>
    <property name="java.runtime.name" value="Java(TM) SE Runtime Environment"/>
    <property name="file.encoding" value="Cp1252"/>
    <property name="java.vm.name" value="Java HotSpot(TM) 64-Bit Server VM"/>
    <property name="localRepository" value="C:\Users\44747\.m2\repository"/>
    <property name="java.vendor.url.bug" value="https://bugreport.java.com/bugreport/"/>
    <property name="java.io.tmpdir" value="C:\Users\44747\AppData\Local\Temp\"/>
    <property name="idea.version" value="2024.1.1"/>
    <property name="java.version" value="17.0.13"/>
    <property name="user.dir" value="C:\Users\44747\SE_Training\GymGoers-Spring\Backend"/>
    <property name="os.arch" value="amd64"/>
    <property name="java.vm.specification.name" value="Java Virtual Machine Specification"/>
    <property name="PID" value="26988"/>
    <property name="sun.os.patch.level" value=""/>
    <property name="CONSOLE_LOG_CHARSET" value="windows-1252"/>
    <property name="native.encoding" value="Cp1252"/>
    <property name="java.library.path" value="C:\Program Files\Java\jdk-17\bin;C:\Windows\Sun\Java\bin;C:\Windows\system32;C:\Windows;C:\Program Files\Common Files\Oracle\Java\javapath;C:\Windows\system32;C:\Windows;C:\Windows\System32\Wbem;C:\Windows\System32\WindowsPowerShell\v1.0\;C:\Windows\System32\OpenSSH\;C:\cygwin64\bin;C:\Program Files\Git\cmd;C:\Users\44747\AppData\Roaming\nvm;C:\Program Files\nodejs;C:\Program Files\Docker\Docker\resources\bin;C:\Users\44747\AppData\Local\Microsoft\WindowsApps;C:\Users\44747\AppData\Roaming\npm;C:\Users\44747\AppData\Local\Programs\Microsoft VS Code\bin;C:\Users\44747\AppData\Local\JetBrains\Toolbox\scripts;C:\Users\44747\AppData\Roaming\nvm;C:\Program Files\nodejs;."/>
    <property name="java.vm.info" value="mixed mode, sharing"/>
    <property name="java.vendor" value="Oracle Corporation"/>
    <property name="java.vm.version" value="17.0.13+10-LTS-268"/>
    <property name="java.specification.maintenance.version" value="1"/>
    <property name="sun.io.unicode.encoding" value="UnicodeLittle"/>
    <property name="java.class.version" value="61.0"/>
    <property name="LOGGED_APPLICATION_NAME" value="[app] "/>
  </properties>
  <testcase name="shouldReturn401IfUsernameDoesNotMatch" classname="com.thegymgoers_java.app.controller.AuthControllerTests$LoginTests" time="0.244">
    <system-out><![CDATA[2025-01-30T12:16:16.524Z  INFO 26988 --- [app] [           main] t.c.s.AnnotationConfigContextLoaderUtils : Could not detect default configuration classes for test class [com.thegymgoers_java.app.controller.AuthControllerTests]: AuthControllerTests does not declare any static, non-private, non-final, nested classes annotated with @Configuration.
2025-01-30T12:16:16.579Z  INFO 26988 --- [app] [           main] .b.t.c.SpringBootTestContextBootstrapper : Found @SpringBootConfiguration com.thegymgoers_java.app.AppApplication for test class com.thegymgoers_java.app.controller.AuthControllerTests
2025-01-30T12:16:16.586Z  INFO 26988 --- [app] [           main] t.c.s.AnnotationConfigContextLoaderUtils : Could not detect default configuration classes for test class [com.thegymgoers_java.app.controller.AuthControllerTests$LoginTests]: LoginTests does not declare any static, non-private, non-final, nested classes annotated with @Configuration.
2025-01-30T12:16:16.589Z  INFO 26988 --- [app] [           main] .b.t.c.SpringBootTestContextBootstrapper : Found @SpringBootConfiguration com.thegymgoers_java.app.AppApplication for test class com.thegymgoers_java.app.controller.AuthControllerTests$LoginTests

  .   ____          _            __ _ _
 /\\ / ___'_ __ _ _(_)_ __  __ _ \ \ \ \
( ( )\___ | '_ | '_| | '_ \/ _` | \ \ \ \
 \\/  ___)| |_)| | | | | || (_| |  ) ) ) )
  '  |____| .__|_| |_|_| |_\__, | / / / /
 =========|_|==============|___/=/_/_/_/

 :: Spring Boot ::                (v3.4.0)

2025-01-30T12:16:16.614Z  INFO 26988 --- [app] [           main] c.t.app.controller.AuthControllerTests   : Starting AuthControllerTests using Java 17.0.13 with PID 26988 (started by 44747 in C:\Users\44747\SE_Training\GymGoers-Spring\Backend)
2025-01-30T12:16:16.615Z  INFO 26988 --- [app] [           main] c.t.app.controller.AuthControllerTests   : No active profile set, falling back to 1 default profile: "default"
2025-01-30T12:16:16.789Z  INFO 26988 --- [app] [           main] .s.d.r.c.RepositoryConfigurationDelegate : Bootstrapping Spring Data MongoDB repositories in DEFAULT mode.
2025-01-30T12:16:16.807Z  INFO 26988 --- [app] [           main] .s.d.r.c.RepositoryConfigurationDelegate : Finished Spring Data repository scanning in 15 ms. Found 2 MongoDB repository interfaces.
2025-01-30T12:16:18.071Z  INFO 26988 --- [app] [           main] org.mongodb.driver.client                : MongoClient with metadata {"driver": {"name": "mongo-java-driver|sync|spring-boot", "version": "5.3.0"}, "os": {"type": "Windows", "name": "Windows 10", "architecture": "amd64", "version": "10.0"}, "platform": "Java/Oracle Corporation/17.0.13+10-LTS-268"} created with settings MongoClientSettings{readPreference=primary, writeConcern=WriteConcern{w=majority, wTimeout=null ms, journal=null}, retryWrites=true, retryReads=true, readConcern=ReadConcern{level=null}, credential=MongoCredential{mechanism=null, userName='gg-developer', source='admin', password=<hidden>, mechanismProperties=<hidden>}, transportSettings=null, commandListeners=[], codecRegistry=ProvidersCodecRegistry{codecProviders=[ValueCodecProvider{}, BsonValueCodecProvider{}, DBRefCodecProvider{}, DBObjectCodecProvider{}, DocumentCodecProvider{}, CollectionCodecProvider{}, IterableCodecProvider{}, MapCodecProvider{}, GeoJsonCodecProvider{}, GridFSFileCodecProvider{}, Jsr310CodecProvider{}, JsonObjectCodecProvider{}, BsonCodecProvider{}, EnumCodecProvider{}, com.mongodb.client.model.mql.ExpressionCodecProvider@256a0d95, com.mongodb.Jep395RecordCodecProvider@2f3928ac, com.mongodb.KotlinCodecProvider@4bf03fee]}, loggerSettings=LoggerSettings{maxDocumentLength=1000}, clusterSettings={hosts=[127.0.0.1:27017], srvHost=gymgoers.9eiuj0z.mongodb.net, srvServiceName=mongodb, mode=MULTIPLE, requiredClusterType=REPLICA_SET, requiredReplicaSetName='atlas-zxcclj-shard-0', serverSelector='null', clusterListeners='[]', serverSelectionTimeout='30000 ms', localThreshold='15 ms'}, socketSettings=SocketSettings{connectTimeoutMS=10000, readTimeoutMS=0, receiveBufferSize=0, proxySettings=ProxySettings{host=null, port=null, username=null, password=null}}, heartbeatSocketSettings=SocketSettings{connectTimeoutMS=10000, readTimeoutMS=10000, receiveBufferSize=0, proxySettings=ProxySettings{host=null, port=null, username=null, password=null}}, connectionPoolSettings=ConnectionPoolSettings{maxSize=100, minSize=0, maxWaitTimeMS=120000, maxConnectionLifeTimeMS=0, maxConnectionIdleTimeMS=0, maintenanceInitialDelayMS=0, maintenanceFrequencyMS=60000, connectionPoolListeners=[], maxConnecting=2}, serverSettings=ServerSettings{heartbeatFrequencyMS=10000, minHeartbeatFrequencyMS=500, serverMonitoringMode=AUTO, serverListeners='[]', serverMonitorListeners='[]'}, sslSettings=SslSettings{enabled=true, invalidHostNameAllowed=false, context=null}, applicationName='null', compressorList=[], uuidRepresentation=JAVA_LEGACY, serverApi=null, autoEncryptionSettings=null, dnsClient=null, inetAddressResolver=null, contextProvider=null, timeoutMS=null}
2025-01-30T12:16:18.082Z  INFO 26988 --- [app] [j0z.mongodb.net] org.mongodb.driver.cluster               : Adding discovered server ac-u8ba5db-shard-00-02.9eiuj0z.mongodb.net:27017 to client view of cluster
2025-01-30T12:16:18.084Z  INFO 26988 --- [app] [j0z.mongodb.net] org.mongodb.driver.cluster               : Adding discovered server ac-u8ba5db-shard-00-00.9eiuj0z.mongodb.net:27017 to client view of cluster
2025-01-30T12:16:18.086Z  INFO 26988 --- [app] [j0z.mongodb.net] org.mongodb.driver.cluster               : Adding discovered server ac-u8ba5db-shard-00-01.9eiuj0z.mongodb.net:27017 to client view of cluster
2025-01-30T12:16:18.148Z  INFO 26988 --- [app] [ngodb.net:27017] org.mongodb.driver.cluster               : Monitor thread successfully connected to server with description ServerDescription{address=ac-u8ba5db-shard-00-00.9eiuj0z.mongodb.net:27017, type=REPLICA_SET_SECONDARY, cryptd=false, state=CONNECTED, ok=true, minWireVersion=0, maxWireVersion=25, maxDocumentSize=16777216, logicalSessionTimeoutMinutes=30, roundTripTimeNanos=42353800, minRoundTripTimeNanos=0, setName='atlas-zxcclj-shard-0', canonicalAddress=ac-u8ba5db-shard-00-00.9eiuj0z.mongodb.net:27017, hosts=[ac-u8ba5db-shard-00-01.9eiuj0z.mongodb.net:27017, ac-u8ba5db-shard-00-02.9eiuj0z.mongodb.net:27017, ac-u8ba5db-shard-00-00.9eiuj0z.mongodb.net:27017], passives=[], arbiters=[], primary='ac-u8ba5db-shard-00-02.9eiuj0z.mongodb.net:27017', tagSet=TagSet{[Tag{name='availabilityZone', value='euw1-az1'}, Tag{name='diskState', value='READY'}, Tag{name='nodeType', value='ELECTABLE'}, Tag{name='provider', value='AWS'}, Tag{name='region', value='EU_WEST_1'}, Tag{name='workloadType', value='OPERATIONAL'}]}, electionId=null, setVersion=54, topologyVersion=TopologyVersion{processId=679662677c2699d0496a01d3, counter=4}, lastWriteDate=Thu Jan 30 12:16:17 GMT 2025, lastUpdateTimeNanos=179175117575600}
2025-01-30T12:16:18.148Z  INFO 26988 --- [app] [ngodb.net:27017] org.mongodb.driver.cluster               : Monitor thread successfully connected to server with description ServerDescription{address=ac-u8ba5db-shard-00-02.9eiuj0z.mongodb.net:27017, type=REPLICA_SET_PRIMARY, cryptd=false, state=CONNECTED, ok=true, minWireVersion=0, maxWireVersion=25, maxDocumentSize=16777216, logicalSessionTimeoutMinutes=30, roundTripTimeNanos=43906900, minRoundTripTimeNanos=0, setName='atlas-zxcclj-shard-0', canonicalAddress=ac-u8ba5db-shard-00-02.9eiuj0z.mongodb.net:27017, hosts=[ac-u8ba5db-shard-00-01.9eiuj0z.mongodb.net:27017, ac-u8ba5db-shard-00-02.9eiuj0z.mongodb.net:27017, ac-u8ba5db-shard-00-00.9eiuj0z.mongodb.net:27017], passives=[], arbiters=[], primary='ac-u8ba5db-shard-00-02.9eiuj0z.mongodb.net:27017', tagSet=TagSet{[Tag{name='availabilityZone', value='euw1-az3'}, Tag{name='diskState', value='READY'}, Tag{name='nodeType', value='ELECTABLE'}, Tag{name='provider', value='AWS'}, Tag{name='region', value='EU_WEST_1'}, Tag{name='workloadType', value='OPERATIONAL'}]}, electionId=7fffffff0000000000000125, setVersion=54, topologyVersion=TopologyVersion{processId=6796653a42bd26e61b798f8a, counter=6}, lastWriteDate=Thu Jan 30 12:16:17 GMT 2025, lastUpdateTimeNanos=179175118199100}
2025-01-30T12:16:18.149Z  INFO 26988 --- [app] [ngodb.net:27017] org.mongodb.driver.cluster               : Discovered replica set primary ac-u8ba5db-shard-00-02.9eiuj0z.mongodb.net:27017 with max election id 7fffffff0000000000000125 and max set version 54
2025-01-30T12:16:18.151Z  INFO 26988 --- [app] [ngodb.net:27017] org.mongodb.driver.cluster               : Monitor thread successfully connected to server with description ServerDescription{address=ac-u8ba5db-shard-00-01.9eiuj0z.mongodb.net:27017, type=REPLICA_SET_SECONDARY, cryptd=false, state=CONNECTED, ok=true, minWireVersion=0, maxWireVersion=25, maxDocumentSize=16777216, logicalSessionTimeoutMinutes=30, roundTripTimeNanos=41910600, minRoundTripTimeNanos=0, setName='atlas-zxcclj-shard-0', canonicalAddress=ac-u8ba5db-shard-00-01.9eiuj0z.mongodb.net:27017, hosts=[ac-u8ba5db-shard-00-01.9eiuj0z.mongodb.net:27017, ac-u8ba5db-shard-00-02.9eiuj0z.mongodb.net:27017, ac-u8ba5db-shard-00-00.9eiuj0z.mongodb.net:27017], passives=[], arbiters=[], primary='ac-u8ba5db-shard-00-02.9eiuj0z.mongodb.net:27017', tagSet=TagSet{[Tag{name='availabilityZone', value='euw1-az2'}, Tag{name='diskState', value='READY'}, Tag{name='nodeType', value='ELECTABLE'}, Tag{name='provider', value='AWS'}, Tag{name='region', value='EU_WEST_1'}, Tag{name='workloadType', value='OPERATIONAL'}]}, electionId=null, setVersion=54, topologyVersion=TopologyVersion{processId=6796671efb18fd2f2dc7c46e, counter=3}, lastWriteDate=Thu Jan 30 12:16:17 GMT 2025, lastUpdateTimeNanos=179175120846800}
2025-01-30T12:16:18.159Z  INFO 26988 --- [app] [           main] eAuthenticationProviderManagerConfigurer : Global AuthenticationManager configured with AuthenticationProvider bean with name authenticationProvider
2025-01-30T12:16:18.167Z  INFO 26988 --- [app] [           main] .i.s.PathMatchingResourcePatternResolver : Skipping search for files matching pattern [**/*.class]: directory [C:\Users\44747\SE_Training\GymGoers-Spring\Backend\target\test-classes\com\thegymgoers_java\app\model] does not exist
2025-01-30T12:16:18.396Z  INFO 26988 --- [app] [           main] o.s.b.t.m.w.SpringBootMockServletContext : Initializing Spring TestDispatcherServlet ''
2025-01-30T12:16:18.396Z  INFO 26988 --- [app] [           main] o.s.t.web.servlet.TestDispatcherServlet  : Initializing Servlet ''
2025-01-30T12:16:18.397Z  INFO 26988 --- [app] [           main] o.s.t.web.servlet.TestDispatcherServlet  : Completed initialization in 1 ms
2025-01-30T12:16:18.409Z  INFO 26988 --- [app] [           main] c.t.app.controller.AuthControllerTests   : Started AuthControllerTests in 1.817 seconds (process running for 7.004)
2025-01-30T12:16:18.431Z  INFO 26988 --- [app] [           main] o.s.mock.web.MockServletContext          : Initializing Spring TestDispatcherServlet ''
2025-01-30T12:16:18.431Z  INFO 26988 --- [app] [           main] o.s.t.web.servlet.TestDispatcherServlet  : Initializing Servlet ''
2025-01-30T12:16:18.432Z  INFO 26988 --- [app] [           main] o.s.t.web.servlet.TestDispatcherServlet  : Completed initialization in 1 ms

MockHttpServletRequest:
      HTTP Method = POST
      Request URI = /api/auth/signin
       Parameters = {}
          Headers = [Content-Type:"application/json", Content-Length:"48"]
             Body = <no character encoding set>
    Session Attrs = {}

Handler:
             Type = com.thegymgoers_java.app.controller.AuthController
           Method = com.thegymgoers_java.app.controller.AuthController#authenticateUser(LoginRequest)

Async:
    Async started = false
     Async result = null

Resolved Exception:
             Type = null

ModelAndView:
        View name = null
             View = null
            Model = null

FlashMap:
       Attributes = null

MockHttpServletResponse:
           Status = 401
    Error message = null
          Headers = [Vary:"Origin", "Access-Control-Request-Method", "Access-Control-Request-Headers", Content-Type:"text/plain;charset=ISO-8859-1", Content-Length:"19"]
     Content type = text/plain;charset=ISO-8859-1
             Body = Error: Unauthorized
    Forwarded URL = null
   Redirected URL = null
          Cookies = []
]]></system-out>
  </testcase>
  <testcase name="shouldReturn400IfUsernameIsEmpty" classname="com.thegymgoers_java.app.controller.AuthControllerTests$LoginTests" time="0.033">
    <system-out><![CDATA[2025-01-30T12:16:18.680Z  INFO 26988 --- [app] [           main] o.s.mock.web.MockServletContext          : Initializing Spring TestDispatcherServlet ''
2025-01-30T12:16:18.680Z  INFO 26988 --- [app] [           main] o.s.t.web.servlet.TestDispatcherServlet  : Initializing Servlet ''
2025-01-30T12:16:18.681Z  INFO 26988 --- [app] [           main] o.s.t.web.servlet.TestDispatcherServlet  : Completed initialization in 0 ms
2025-01-30T12:16:18.700Z  WARN 26988 --- [app] [           main] .w.s.m.s.DefaultHandlerExceptionResolver : Resolved [org.springframework.web.bind.MethodArgumentNotValidException: Validation failed for argument [0] in public org.springframework.http.ResponseEntity<?> com.thegymgoers_java.app.controller.AuthController.authenticateUser(com.thegymgoers_java.app.payload.request.LoginRequest): [Field error in object 'loginRequest' on field 'username': rejected value [null]; codes [NotEmpty.loginRequest.username,NotEmpty.username,NotEmpty.java.lang.String,NotEmpty]; arguments [org.springframework.context.support.DefaultMessageSourceResolvable: codes [loginRequest.username,username]; arguments []; default message [username]]; default message [must not be empty]] ]

MockHttpServletRequest:
      HTTP Method = POST
      Request URI = /api/auth/signin
       Parameters = {}
          Headers = [Content-Type:"application/json", Content-Length:"35"]
             Body = <no character encoding set>
    Session Attrs = {}

Handler:
             Type = com.thegymgoers_java.app.controller.AuthController
           Method = com.thegymgoers_java.app.controller.AuthController#authenticateUser(LoginRequest)

Async:
    Async started = false
     Async result = null

Resolved Exception:
             Type = org.springframework.web.bind.MethodArgumentNotValidException

ModelAndView:
        View name = null
             View = null
            Model = null

FlashMap:
       Attributes = null

MockHttpServletResponse:
           Status = 400
    Error message = Invalid request content.
          Headers = [Vary:"Origin", "Access-Control-Request-Method", "Access-Control-Request-Headers"]
     Content type = null
             Body = 
    Forwarded URL = null
   Redirected URL = null
          Cookies = []
]]></system-out>
  </testcase>
  <testcase name="shouldReturn200IfUsernamePasswordMatch" classname="com.thegymgoers_java.app.controller.AuthControllerTests$LoginTests" time="0.078">
    <system-out><![CDATA[2025-01-30T12:16:18.729Z  INFO 26988 --- [app] [           main] o.s.mock.web.MockServletContext          : Initializing Spring TestDispatcherServlet ''
2025-01-30T12:16:18.729Z  INFO 26988 --- [app] [           main] o.s.t.web.servlet.TestDispatcherServlet  : Initializing Servlet ''
2025-01-30T12:16:18.729Z  INFO 26988 --- [app] [           main] o.s.t.web.servlet.TestDispatcherServlet  : Completed initialization in 0 ms

MockHttpServletRequest:
      HTTP Method = POST
      Request URI = /api/auth/signin
       Parameters = {}
          Headers = [Content-Type:"application/json", Content-Length:"55"]
             Body = <no character encoding set>
    Session Attrs = {}

Handler:
             Type = com.thegymgoers_java.app.controller.AuthController
           Method = com.thegymgoers_java.app.controller.AuthController#authenticateUser(LoginRequest)

Async:
    Async started = false
     Async result = null

Resolved Exception:
             Type = null

ModelAndView:
        View name = null
             View = null
            Model = null

FlashMap:
       Attributes = null

MockHttpServletResponse:
           Status = 200
    Error message = null
          Headers = [Vary:"Origin", "Access-Control-Request-Method", "Access-Control-Request-Headers", Content-Type:"application/json"]
     Content type = application/json
             Body = {"accessToken":"valid-jwt-token","id":null,"username":null,"emailAddress":null,"roles":[],"tokenType":"Bearer"}
    Forwarded URL = null
   Redirected URL = null
          Cookies = []
]]></system-out>
  </testcase>
  <testcase name="checkWhenPasswordDontMatch" classname="com.thegymgoers_java.app.controller.AuthControllerTests$LoginTests" time="0.018">
    <system-out><![CDATA[2025-01-30T12:16:18.792Z  INFO 26988 --- [app] [           main] o.s.mock.web.MockServletContext          : Initializing Spring TestDispatcherServlet ''
2025-01-30T12:16:18.792Z  INFO 26988 --- [app] [           main] o.s.t.web.servlet.TestDispatcherServlet  : Initializing Servlet ''
2025-01-30T12:16:18.792Z  INFO 26988 --- [app] [           main] o.s.t.web.servlet.TestDispatcherServlet  : Completed initialization in 0 ms

MockHttpServletRequest:
      HTTP Method = POST
      Request URI = /api/auth/signin
       Parameters = {}
          Headers = [Content-Type:"application/json", Content-Length:"41"]
             Body = <no character encoding set>
    Session Attrs = {}

Handler:
             Type = com.thegymgoers_java.app.controller.AuthController
           Method = com.thegymgoers_java.app.controller.AuthController#authenticateUser(LoginRequest)

Async:
    Async started = false
     Async result = null

Resolved Exception:
             Type = null

ModelAndView:
        View name = null
             View = null
            Model = null

FlashMap:
       Attributes = null

MockHttpServletResponse:
           Status = 401
    Error message = null
          Headers = [Vary:"Origin", "Access-Control-Request-Method", "Access-Control-Request-Headers", Content-Type:"text/plain;charset=ISO-8859-1", Content-Length:"25"]
     Content type = text/plain;charset=ISO-8859-1
             Body = Error: Incorrect password
    Forwarded URL = null
   Redirected URL = null
          Cookies = []
]]></system-out>
  </testcase>
</testsuite>